\BOOKMARK [1][-]{section.1}{ 1. Introduction}{}% 1
\BOOKMARK [1][-]{section.2}{ 2. Models}{}% 2
\BOOKMARK [2][-]{subsection.2.1}{2.1 Stiff string}{section.2}% 3
\BOOKMARK [2][-]{subsection.2.2}{2.2 Plate}{section.2}% 4
\BOOKMARK [2][-]{subsection.2.3}{2.3 Connections}{section.2}% 5
\BOOKMARK [1][-]{section.3}{ 3. Finite-Difference Schemes}{}% 6
\BOOKMARK [2][-]{subsection.3.1}{3.1 Stiff String}{section.3}% 7
\BOOKMARK [2][-]{subsection.3.2}{3.2 Plate}{section.3}% 8
\BOOKMARK [2][-]{subsection.3.3}{3.3 Connections}{section.3}% 9
\BOOKMARK [1][-]{section.4}{ 4. Energy Analysis}{}% 10
\BOOKMARK [1][-]{section.5}{ 5. Pitch}{}% 11
\BOOKMARK [1][-]{section.6}{ 6. Implementation}{}% 12
\BOOKMARK [2][-]{subsection.6.1}{6.1 String}{section.6}% 13
\BOOKMARK [2][-]{subsection.6.2}{6.2 Plate}{section.6}% 14
\BOOKMARK [1][-]{section.7}{ 7. User Interaction}{}% 15
\BOOKMARK [2][-]{subsection.7.1}{7.1 Sensel Morph}{section.7}% 16
\BOOKMARK [3][-]{subsubsection.7.1.1}{7.1.1 Mapping strategies}{subsection.7.1}% 17
\BOOKMARK [1][-]{section.8}{ 8. Discussion}{}% 18
\BOOKMARK [1][-]{section.9}{ 9. Conclusion and Future Work}{}% 19
\BOOKMARK [1][-]{section.10}{ 10. References}{}% 20
\BOOKMARK [1][-]{section.11}{ 11. Appendix A}{}% 21
\BOOKMARK [2][-]{subsection.11.1}{11.1 Finite-Difference Scheme String}{section.11}% 22
\BOOKMARK [2][-]{subsection.11.2}{11.2 Finite-Difference Scheme Plate}{section.11}% 23
